# JRE version: OpenJDK Runtime Environment Microsoft-8035246 (17.0.8+7) (build 17.0.8+7-LTS)
# Java VM: OpenJDK 64-Bit Server VM Microsoft-8035246 (17.0.8+7-LTS, mixed mode, sharing, tiered, compressed oops, compressed class ptrs, g1 gc, windows-amd64)
GC Precious Log:
 CPUs: 12 total, 12 available
 Memory: 11644M
 Large Page Support: Disabled
 NUMA Support: Disabled
 Compressed Oops: Enabled (32-bit)
 Heap Region Size: 1M
 Heap Min Capacity: 8M
 Heap Initial Capacity: 182M
 Heap Max Capacity: 2G
 Pre-touch: Disabled
 Parallel Workers: 10
 Concurrent Workers: 3
 Concurrent Refinement Workers: 10
 Periodic GC: Disabled
Heap:
 garbage-first heap   total 382976K, used 296492K [0x0000000080000000, 0x0000000100000000)
  region size 1024K, 118 young (120832K), 9 survivors (9216K)
 Metaspace       used 97014K, committed 97984K, reserved 557056K
  class space    used 13362K, committed 13824K, reserved 425984K
GC Heap History (20 events):
Event: 19.486 GC heap before
{Heap before GC invocations=39 (full 0):
 garbage-first heap   total 208896K, used 140388K [0x0000000080000000, 0x0000000100000000)
  region size 1024K, 10 young (10240K), 5 survivors (5120K)
 Metaspace       used 84909K, committed 85760K, reserved 557056K
  class space    used 11829K, committed 12224K, reserved 425984K
}
Event: 19.488 GC heap after
{Heap after GC invocations=40 (full 0):
 garbage-first heap   total 208896K, used 136367K [0x0000000080000000, 0x0000000100000000)
  region size 1024K, 1 young (1024K), 1 survivors (1024K)
 Metaspace       used 84909K, committed 85760K, reserved 557056K
  class space    used 11829K, committed 12224K, reserved 425984K
}
Event: 19.838 GC heap before
{Heap before GC invocations=40 (full 0):
 garbage-first heap   total 208896K, used 168111K [0x0000000080000000, 0x0000000100000000)
  region size 1024K, 32 young (32768K), 1 survivors (1024K)
 Metaspace       used 86492K, committed 87360K, reserved 557056K
  class space    used 12026K, committed 12416K, reserved 425984K
}
Event: 19.841 GC heap after
{Heap after GC invocations=41 (full 0):
 garbage-first heap   total 208896K, used 141312K [0x0000000080000000, 0x0000000100000000)
  region size 1024K, 4 young (4096K), 4 survivors (4096K)
 Metaspace       used 86492K, committed 87360K, reserved 557056K
  class space    used 12026K, committed 12416K, reserved 425984K
}
Event: 20.172 GC heap before
{Heap before GC invocations=41 (full 0):
 garbage-first heap   total 208896K, used 169984K [0x0000000080000000, 0x0000000100000000)
  region size 1024K, 32 young (32768K), 4 survivors (4096K)
 Metaspace       used 89359K, committed 90240K, reserved 557056K
  class space    used 12474K, committed 12864K, reserved 425984K
}
Event: 20.176 GC heap after
{Heap after GC invocations=42 (full 0):
 garbage-first heap   total 208896K, used 143608K [0x0000000080000000, 0x0000000100000000)
  region size 1024K, 2 young (2048K), 2 survivors (2048K)
 Metaspace       used 89359K, committed 90240K, reserved 557056K
  class space    used 12474K, committed 12864K, reserved 425984K
}
Event: 20.715 GC heap before
{Heap before GC invocations=42 (full 0):
 garbage-first heap   total 208896K, used 172280K [0x0000000080000000, 0x0000000100000000)
  region size 1024K, 30 young (30720K), 2 survivors (2048K)
 Metaspace       used 91758K, committed 92736K, reserved 557056K
  class space    used 12758K, committed 13184K, reserved 425984K
}
Event: 20.720 GC heap after
{Heap after GC invocations=43 (full 0):
 garbage-first heap   total 208896K, used 147306K [0x0000000080000000, 0x0000000100000000)
  region size 1024K, 4 young (4096K), 4 survivors (4096K)
 Metaspace       used 91758K, committed 92736K, reserved 557056K
  class space    used 12758K, committed 13184K, reserved 425984K
}
Event: 21.016 GC heap before
{Heap before GC invocations=43 (full 0):
 garbage-first heap   total 208896K, used 173930K [0x0000000080000000, 0x0000000100000000)
  region size 1024K, 30 young (30720K), 4 survivors (4096K)
 Metaspace       used 93335K, committed 94272K, reserved 557056K
  class space    used 12953K, committed 13376K, reserved 425984K
}
Event: 21.020 GC heap after
{Heap after GC invocations=44 (full 0):
 garbage-first heap   total 208896K, used 150708K [0x0000000080000000, 0x0000000100000000)
  region size 1024K, 4 young (4096K), 4 survivors (4096K)
 Metaspace       used 93335K, committed 94272K, reserved 557056K
  class space    used 12953K, committed 13376K, reserved 425984K
}
Event: 21.296 GC heap before
{Heap before GC invocations=44 (full 0):
 garbage-first heap   total 208896K, used 174260K [0x0000000080000000, 0x0000000100000000)
  region size 1024K, 27 young (27648K), 4 survivors (4096K)
 Metaspace       used 93705K, committed 94656K, reserved 557056K
  class space    used 12984K, committed 13440K, reserved 425984K
}
Event: 21.301 GC heap after
{Heap after GC invocations=45 (full 0):
 garbage-first heap   total 208896K, used 154693K [0x0000000080000000, 0x0000000100000000)
  region size 1024K, 4 young (4096K), 4 survivors (4096K)
 Metaspace       used 93705K, committed 94656K, reserved 557056K
  class space    used 12984K, committed 13440K, reserved 425984K
}
Event: 21.534 GC heap before
{Heap before GC invocations=45 (full 0):
 garbage-first heap   total 208896K, used 175173K [0x0000000080000000, 0x0000000100000000)
  region size 1024K, 24 young (24576K), 4 survivors (4096K)
 Metaspace       used 95058K, committed 96000K, reserved 557056K
  class space    used 13149K, committed 13568K, reserved 425984K
}
Event: 21.538 GC heap after
{Heap after GC invocations=46 (full 0):
 garbage-first heap   total 208896K, used 157144K [0x0000000080000000, 0x0000000100000000)
  region size 1024K, 3 young (3072K), 3 survivors (3072K)
 Metaspace       used 95058K, committed 96000K, reserved 557056K
  class space    used 13149K, committed 13568K, reserved 425984K
}
Event: 21.700 GC heap before
{Heap before GC invocations=46 (full 0):
 garbage-first heap   total 208896K, used 176600K [0x0000000080000000, 0x0000000100000000)
  region size 1024K, 22 young (22528K), 3 survivors (3072K)
 Metaspace       used 95547K, committed 96512K, reserved 557056K
  class space    used 13215K, committed 13696K, reserved 425984K
}
Event: 21.704 GC heap after
{Heap after GC invocations=47 (full 0):
 garbage-first heap   total 382976K, used 160050K [0x0000000080000000, 0x0000000100000000)
  region size 1024K, 3 young (3072K), 3 survivors (3072K)
 Metaspace       used 95547K, committed 96512K, reserved 557056K
  class space    used 13215K, committed 13696K, reserved 425984K
}
Event: 22.709 GC heap before
{Heap before GC invocations=47 (full 0):
 garbage-first heap   total 382976K, used 303410K [0x0000000080000000, 0x0000000100000000)
  region size 1024K, 144 young (147456K), 3 survivors (3072K)
 Metaspace       used 96662K, committed 97600K, reserved 557056K
  class space    used 13335K, committed 13760K, reserved 425984K
}
Event: 22.719 GC heap after
{Heap after GC invocations=48 (full 0):
 garbage-first heap   total 382976K, used 170571K [0x0000000080000000, 0x0000000100000000)
  region size 1024K, 13 young (13312K), 13 survivors (13312K)
 Metaspace       used 96662K, committed 97600K, reserved 557056K
  class space    used 13335K, committed 13760K, reserved 425984K
}
Event: 23.654 GC heap before
{Heap before GC invocations=48 (full 0):
 garbage-first heap   total 382976K, used 324171K [0x0000000080000000, 0x0000000100000000)
  region size 1024K, 148 young (151552K), 13 survivors (13312K)
 Metaspace       used 96813K, committed 97728K, reserved 557056K
  class space    used 13344K, committed 13760K, reserved 425984K
}
Event: 23.665 GC heap after
{Heap after GC invocations=49 (full 0):
 garbage-first heap   total 382976K, used 178732K [0x0000000080000000, 0x0000000100000000)
  region size 1024K, 9 young (9216K), 9 survivors (9216K)
 Metaspace       used 96813K, committed 97728K, reserved 557056K
  class space    used 13344K, committed 13760K, reserved 425984K
}

