# JRE version: OpenJDK Runtime Environment (17.0.6) (build 17.0.6+0-b2043.56-10027231)
# Java VM: OpenJDK 64-Bit Server VM (17.0.6+0-b2043.56-10027231, mixed mode, tiered, compressed oops, compressed class ptrs, g1 gc, windows-amd64)
GC Precious Log:
 CPUs: 12 total, 12 available
 Memory: 11644M
 Large Page Support: Disabled
 NUMA Support: Disabled
 Compressed Oops: Enabled (Zero based)
 Heap Region Size: 2M
 Heap Min Capacity: 8M
 Heap Initial Capacity: 182M
 Heap Max Capacity: 2912M
 Pre-touch: Disabled
 Parallel Workers: 10
 Concurrent Workers: 3
 Concurrent Refinement Workers: 10
 Periodic GC: Disabled
Heap:
 garbage-first heap   total 120832K, used 71144K [0x000000074a000000, 0x0000000800000000)
  region size 2048K, 1 young (2048K), 1 survivors (2048K)
 Metaspace       used 83029K, committed 83328K, reserved 1130496K
  class space    used 9534K, committed 9664K, reserved 1048576K
GC Heap History (20 events):
Event: 5.126 GC heap after
{Heap after GC invocations=23 (full 0):
 garbage-first heap   total 79872K, used 48605K [0x000000074a000000, 0x0000000800000000)
  region size 2048K, 2 young (4096K), 2 survivors (4096K)
 Metaspace       used 60753K, committed 60992K, reserved 1105920K
  class space    used 7371K, committed 7488K, reserved 1048576K
}
Event: 5.368 GC heap before
{Heap before GC invocations=24 (full 0):
 garbage-first heap   total 86016K, used 62941K [0x000000074a000000, 0x0000000800000000)
  region size 2048K, 9 young (18432K), 2 survivors (4096K)
 Metaspace       used 61881K, committed 62144K, reserved 1105920K
  class space    used 7503K, committed 7616K, reserved 1048576K
}
Event: 5.376 GC heap after
{Heap after GC invocations=25 (full 0):
 garbage-first heap   total 86016K, used 50102K [0x000000074a000000, 0x0000000800000000)
  region size 2048K, 1 young (2048K), 1 survivors (2048K)
 Metaspace       used 61881K, committed 62144K, reserved 1105920K
  class space    used 7503K, committed 7616K, reserved 1048576K
}
Event: 5.595 GC heap before
{Heap before GC invocations=25 (full 0):
 garbage-first heap   total 86016K, used 66486K [0x000000074a000000, 0x0000000800000000)
  region size 2048K, 9 young (18432K), 1 survivors (2048K)
 Metaspace       used 62575K, committed 62848K, reserved 1105920K
  class space    used 7573K, committed 7680K, reserved 1048576K
}
Event: 5.601 GC heap after
{Heap after GC invocations=26 (full 0):
 garbage-first heap   total 114688K, used 52267K [0x000000074a000000, 0x0000000800000000)
  region size 2048K, 2 young (4096K), 2 survivors (4096K)
 Metaspace       used 62575K, committed 62848K, reserved 1105920K
  class space    used 7573K, committed 7680K, reserved 1048576K
}
Event: 6.958 GC heap before
{Heap before GC invocations=27 (full 0):
 garbage-first heap   total 114688K, used 87083K [0x000000074a000000, 0x0000000800000000)
  region size 2048K, 19 young (38912K), 2 survivors (4096K)
 Metaspace       used 66135K, committed 66432K, reserved 1114112K
  class space    used 7844K, committed 8000K, reserved 1048576K
}
Event: 6.971 GC heap after
{Heap after GC invocations=28 (full 0):
 garbage-first heap   total 114688K, used 55797K [0x000000074a000000, 0x0000000800000000)
  region size 2048K, 3 young (6144K), 3 survivors (6144K)
 Metaspace       used 66135K, committed 66432K, reserved 1114112K
  class space    used 7844K, committed 8000K, reserved 1048576K
}
Event: 7.787 GC heap before
{Heap before GC invocations=28 (full 0):
 garbage-first heap   total 114688K, used 86517K [0x000000074a000000, 0x0000000800000000)
  region size 2048K, 18 young (36864K), 3 survivors (6144K)
 Metaspace       used 67681K, committed 67968K, reserved 1114112K
  class space    used 7944K, committed 8064K, reserved 1048576K
}
Event: 7.798 GC heap after
{Heap after GC invocations=29 (full 0):
 garbage-first heap   total 114688K, used 59156K [0x000000074a000000, 0x0000000800000000)
  region size 2048K, 2 young (4096K), 2 survivors (4096K)
 Metaspace       used 67681K, committed 67968K, reserved 1114112K
  class space    used 7944K, committed 8064K, reserved 1048576K
}
Event: 8.280 GC heap before
{Heap before GC invocations=29 (full 0):
 garbage-first heap   total 114688K, used 85780K [0x000000074a000000, 0x0000000800000000)
  region size 2048K, 16 young (32768K), 2 survivors (4096K)
 Metaspace       used 73171K, committed 73472K, reserved 1114112K
  class space    used 8494K, committed 8640K, reserved 1048576K
}
Event: 8.286 GC heap after
{Heap after GC invocations=30 (full 0):
 garbage-first heap   total 114688K, used 60835K [0x000000074a000000, 0x0000000800000000)
  region size 2048K, 1 young (2048K), 1 survivors (2048K)
 Metaspace       used 73171K, committed 73472K, reserved 1114112K
  class space    used 8494K, committed 8640K, reserved 1048576K
}
Event: 8.788 GC heap before
{Heap before GC invocations=31 (full 0):
 garbage-first heap   total 114688K, used 91555K [0x000000074a000000, 0x0000000800000000)
  region size 2048K, 16 young (32768K), 1 survivors (2048K)
 Metaspace       used 74269K, committed 74560K, reserved 1122304K
  class space    used 8580K, committed 8704K, reserved 1048576K
}
Event: 8.798 GC heap after
{Heap after GC invocations=32 (full 0):
 garbage-first heap   total 114688K, used 64801K [0x000000074a000000, 0x0000000800000000)
  region size 2048K, 2 young (4096K), 2 survivors (4096K)
 Metaspace       used 74269K, committed 74560K, reserved 1122304K
  class space    used 8580K, committed 8704K, reserved 1048576K
}
Event: 9.158 GC heap before
{Heap before GC invocations=32 (full 0):
 garbage-first heap   total 114688K, used 91425K [0x000000074a000000, 0x0000000800000000)
  region size 2048K, 15 young (30720K), 2 survivors (4096K)
 Metaspace       used 78881K, committed 79168K, reserved 1122304K
  class space    used 9108K, committed 9216K, reserved 1048576K
}
Event: 9.169 GC heap after
{Heap after GC invocations=33 (full 0):
 garbage-first heap   total 114688K, used 67675K [0x000000074a000000, 0x0000000800000000)
  region size 2048K, 2 young (4096K), 2 survivors (4096K)
 Metaspace       used 78881K, committed 79168K, reserved 1122304K
  class space    used 9108K, committed 9216K, reserved 1048576K
}
Event: 9.511 GC heap before
{Heap before GC invocations=34 (full 0):
 garbage-first heap   total 120832K, used 92251K [0x000000074a000000, 0x0000000800000000)
  region size 2048K, 14 young (28672K), 2 survivors (4096K)
 Metaspace       used 82300K, committed 82560K, reserved 1122304K
  class space    used 9504K, committed 9600K, reserved 1048576K
}
Event: 9.522 GC heap after
{Heap after GC invocations=35 (full 0):
 garbage-first heap   total 120832K, used 69890K [0x000000074a000000, 0x0000000800000000)
  region size 2048K, 2 young (4096K), 2 survivors (4096K)
 Metaspace       used 82300K, committed 82560K, reserved 1122304K
  class space    used 9504K, committed 9600K, reserved 1048576K
}
Event: 9.528 GC heap before
{Heap before GC invocations=35 (full 0):
 garbage-first heap   total 120832K, used 71938K [0x000000074a000000, 0x0000000800000000)
  region size 2048K, 3 young (6144K), 2 survivors (4096K)
 Metaspace       used 82302K, committed 82560K, reserved 1122304K
  class space    used 9504K, committed 9600K, reserved 1048576K
}
Event: 9.536 GC heap after
{Heap after GC invocations=36 (full 0):
 garbage-first heap   total 120832K, used 69758K [0x000000074a000000, 0x0000000800000000)
  region size 2048K, 1 young (2048K), 1 survivors (2048K)
 Metaspace       used 82302K, committed 82560K, reserved 1122304K
  class space    used 9504K, committed 9600K, reserved 1048576K
}
Event: 9.764 GC heap before
{Heap before GC invocations=36 (full 0):
 garbage-first heap   total 120832K, used 96382K [0x000000074a000000, 0x0000000800000000)
  region size 2048K, 14 young (28672K), 1 survivors (2048K)
 Metaspace       used 83029K, committed 83328K, reserved 1130496K
  class space    used 9534K, committed 9664K, reserved 1048576K
}

